<?xml version="1.0" encoding="UTF-8"?>
<!-- Generated by org.testng.reporters.JUnitReportReporter -->
<testsuite hostname="Pandhare" name="dd_test.ClientRegister" tests="1" failures="0" timestamp="14 Nov 2016 04:47:11 GMT" time="4.538" errors="0">
  <testcase name="registerAsClient" time="4.538" classname="dd_test.ClientRegister"/>
</testsuite> <!-- dd_test.ClientRegister -->
