<?xml version="1.0" encoding="UTF-8"?>
<!-- Generated by org.testng.reporters.JUnitReportReporter -->
<testsuite hostname="HP15" name="dd_test.ClientSignUp" tests="1" failures="0" timestamp="16 Feb 2017 09:42:51 GMT" time="11.331" errors="0">
  <testcase name="clientSignUp" time="11.331" classname="dd_test.ClientSignUp"/>
</testsuite> <!-- dd_test.ClientSignUp -->
