<?xml version="1.0" encoding="UTF-8"?>
<!-- Generated by org.testng.reporters.JUnitReportReporter -->
<testsuite hostname="HP15" name="dd_test.BuyPoints" tests="1" failures="0" timestamp="16 Feb 2017 09:42:51 GMT" time="31.463" errors="0">
  <testcase name="BuyPointsFromMenu" time="31.463" classname="dd_test.BuyPoints"/>
</testsuite> <!-- dd_test.BuyPoints -->
