<?xml version="1.0" encoding="UTF-8"?>
<!-- Generated by org.testng.reporters.JUnitReportReporter -->
<testsuite hostname="HP15" name="dd_test.ClientLoginTest" tests="1" failures="0" timestamp="16 Feb 2017 09:42:51 GMT" time="7.159" errors="0">
  <testcase name="doLogin" time="7.159" classname="dd_test.ClientLoginTest"/>
</testsuite> <!-- dd_test.ClientLoginTest -->
