<?xml version="1.0" encoding="UTF-8"?>
<!-- Generated by org.testng.reporters.JUnitReportReporter -->
<testsuite hostname="HP15" name="dd_test.TrainerSignUp" tests="1" failures="0" timestamp="16 Feb 2017 09:42:51 GMT" time="13.087" errors="0">
  <testcase name="trainerSignUp" time="13.087" classname="dd_test.TrainerSignUp"/>
</testsuite> <!-- dd_test.TrainerSignUp -->
