<?xml version="1.0" encoding="UTF-8"?>
<!-- Generated by org.testng.reporters.JUnitReportReporter -->
<testsuite hostname="HP15" name="dd_test.FAQ" tests="1" failures="0" timestamp="16 Feb 2017 09:42:51 GMT" time="0.119" errors="0">
  <testcase name="frequentlyAskedQuestion" time="0.119" classname="dd_test.FAQ"/>
</testsuite> <!-- dd_test.FAQ -->
