<?xml version="1.0" encoding="UTF-8"?>
<!-- Generated by org.testng.reporters.JUnitReportReporter -->
<testsuite hostname="HP15" name="dd_test.ForgotPassword" tests="1" failures="0" timestamp="16 Feb 2017 09:42:51 GMT" time="21.479" errors="0">
  <testcase name="ClientTrainerForgotPassword" time="21.479" classname="dd_test.ForgotPassword"/>
</testsuite> <!-- dd_test.ForgotPassword -->
