<?xml version="1.0" encoding="UTF-8"?>
<!-- Generated by org.testng.reporters.JUnitReportReporter -->
<testsuite hostname="HP15" name="dd_test.TrainerLoginTest" tests="1" failures="0" timestamp="16 Feb 2017 09:42:51 GMT" time="7.767" errors="0">
  <testcase name="doLogin" time="7.767" classname="dd_test.TrainerLoginTest"/>
</testsuite> <!-- dd_test.TrainerLoginTest -->
