<?xml version="1.0" encoding="UTF-8"?>
<!-- Generated by org.testng.reporters.JUnitReportReporter -->
<testsuite hostname="HP15" name="dd_test.MySessions" tests="2" failures="0" timestamp="16 Feb 2017 09:42:51 GMT" time="56.894" errors="0">
  <testcase name="MyCompletedClasses" time="12.455" classname="dd_test.MySessions"/>
  <testcase name="MyUpComingClasses" time="44.439" classname="dd_test.MySessions"/>
</testsuite> <!-- dd_test.MySessions -->
