<?xml version="1.0" encoding="UTF-8"?>
<!-- Generated by org.testng.reporters.JUnitReportReporter -->
<testsuite hostname="HP15" name="dd_test.CreateNewClass" tests="1" failures="0" timestamp="16 Feb 2017 09:42:51 GMT" time="12.736" errors="0">
  <testcase name="myClassesCreateNewClasses" time="12.736" classname="dd_test.CreateNewClass"/>
</testsuite> <!-- dd_test.CreateNewClass -->
