<?xml version="1.0" encoding="UTF-8"?>
<!-- Generated by org.testng.reporters.JUnitReportReporter -->
<testsuite hostname="HP15" name="dd_test.LogOut" tests="1" failures="0" timestamp="16 Feb 2017 09:42:51 GMT" time="7.644" errors="0">
  <testcase name="doLoout" time="7.644" classname="dd_test.LogOut"/>
</testsuite> <!-- dd_test.LogOut -->
