<?xml version="1.0" encoding="UTF-8"?>
<!-- Generated by org.testng.reporters.JUnitReportReporter -->
<testsuite hostname="Pandhare" name="dd_test.ClientRegisterTest" tests="1" failures="0" timestamp="5 Dec 2016 11:35:04 GMT" time="12.777" errors="0">
  <testcase name="registerAsClient" time="12.777" classname="dd_test.ClientRegisterTest"/>
</testsuite> <!-- dd_test.ClientRegisterTest -->
